# JRE version: Java(TM) SE Runtime Environment (21.0.9+7) (build 21.0.9+7-LTS-338)
# Java VM: Java HotSpot(TM) 64-Bit Server VM (21.0.9+7-LTS-338, mixed mode, sharing, tiered, compressed oops, compressed class ptrs, g1 gc, windows-amd64)
GC Precious Log:
 CardTable entry size: 512
 Card Set container configuration: InlinePtr #cards 5 size 8 Array Of Cards #cards 12 size 40 Howl #buckets 4 coarsen threshold 1843 Howl Bitmap #cards 512 size 80 coarsen threshold 460 Card regions per heap region 1 cards per card region 2048
 CPUs: 8 total, 8 available
 Memory: 8022M
 Large Page Support: Disabled
 NUMA Support: Disabled
 Compressed Oops: Enabled (32-bit)
 Heap Region Size: 1M
 Heap Min Capacity: 256M
 Heap Initial Capacity: 256M
 Heap Max Capacity: 512M
 Pre-touch: Disabled
 Parallel Workers: 8
 Concurrent Workers: 2
 Concurrent Refinement Workers: 8
 Periodic GC: Disabled
Heap:
 garbage-first heap   total 262144K, used 140636K [0x00000000e0000000, 0x0000000100000000)
  region size 1024K, 99 young (101376K), 9 survivors (9216K)
 Metaspace       used 64923K, committed 67072K, reserved 393216K
  class space    used 9380K, committed 10432K, reserved 327680K
GC Heap History (16 events):
Event: 0.360 GC heap before
{Heap before GC invocations=0 (full 0):
 garbage-first heap   total 262144K, used 22528K [0x00000000e0000000, 0x0000000100000000)
  region size 1024K, 23 young (23552K), 0 survivors (0K)
 Metaspace       used 1047K, committed 1152K, reserved 393216K
  class space    used 78K, committed 128K, reserved 327680K
}
Event: 0.363 GC heap after
{Heap after GC invocations=1 (full 0):
 garbage-first heap   total 262144K, used 2047K [0x00000000e0000000, 0x0000000100000000)
  region size 1024K, 2 young (2048K), 2 survivors (2048K)
 Metaspace       used 1047K, committed 1152K, reserved 393216K
  class space    used 78K, committed 128K, reserved 327680K
}
Event: 0.743 GC heap before
{Heap before GC invocations=1 (full 0):
 garbage-first heap   total 262144K, used 40959K [0x00000000e0000000, 0x0000000100000000)
  region size 1024K, 38 young (38912K), 2 survivors (2048K)
 Metaspace       used 4397K, committed 4608K, reserved 393216K
  class space    used 542K, committed 640K, reserved 327680K
}
Event: 0.748 GC heap after
{Heap after GC invocations=2 (full 0):
 garbage-first heap   total 262144K, used 11145K [0x00000000e0000000, 0x0000000100000000)
  region size 1024K, 5 young (5120K), 5 survivors (5120K)
 Metaspace       used 4397K, committed 4608K, reserved 393216K
  class space    used 542K, committed 640K, reserved 327680K
}
Event: 1.140 GC heap before
{Heap before GC invocations=2 (full 0):
 garbage-first heap   total 262144K, used 63369K [0x00000000e0000000, 0x0000000100000000)
  region size 1024K, 54 young (55296K), 5 survivors (5120K)
 Metaspace       used 5890K, committed 6144K, reserved 393216K
  class space    used 767K, committed 896K, reserved 327680K
}
Event: 1.148 GC heap after
{Heap after GC invocations=3 (full 0):
 garbage-first heap   total 262144K, used 18018K [0x00000000e0000000, 0x0000000100000000)
  region size 1024K, 6 young (6144K), 6 survivors (6144K)
 Metaspace       used 5890K, committed 6144K, reserved 393216K
  class space    used 767K, committed 896K, reserved 327680K
}
Event: 2.524 GC heap before
{Heap before GC invocations=3 (full 0):
 garbage-first heap   total 262144K, used 106082K [0x00000000e0000000, 0x0000000100000000)
  region size 1024K, 93 young (95232K), 6 survivors (6144K)
 Metaspace       used 20836K, committed 21504K, reserved 393216K
  class space    used 2990K, committed 3264K, reserved 327680K
}
Event: 2.534 GC heap after
{Heap after GC invocations=4 (full 0):
 garbage-first heap   total 262144K, used 24153K [0x00000000e0000000, 0x0000000100000000)
  region size 1024K, 12 young (12288K), 12 survivors (12288K)
 Metaspace       used 20836K, committed 21504K, reserved 393216K
  class space    used 2990K, committed 3264K, reserved 327680K
}
Event: 3.951 GC heap before
{Heap before GC invocations=5 (full 0):
 garbage-first heap   total 262144K, used 132697K [0x00000000e0000000, 0x0000000100000000)
  region size 1024K, 115 young (117760K), 12 survivors (12288K)
 Metaspace       used 34870K, committed 35968K, reserved 393216K
  class space    used 4784K, committed 5312K, reserved 327680K
}
Event: 3.967 GC heap after
{Heap after GC invocations=6 (full 0):
 garbage-first heap   total 262144K, used 32508K [0x00000000e0000000, 0x0000000100000000)
  region size 1024K, 15 young (15360K), 15 survivors (15360K)
 Metaspace       used 34870K, committed 35968K, reserved 393216K
  class space    used 4784K, committed 5312K, reserved 327680K
}
Event: 5.514 GC heap before
{Heap before GC invocations=7 (full 0):
 garbage-first heap   total 262144K, used 176892K [0x00000000e0000000, 0x0000000100000000)
  region size 1024K, 153 young (156672K), 15 survivors (15360K)
 Metaspace       used 50754K, committed 52480K, reserved 393216K
  class space    used 7200K, committed 8064K, reserved 327680K
}
Event: 5.534 GC heap after
{Heap after GC invocations=8 (full 0):
 garbage-first heap   total 262144K, used 42229K [0x00000000e0000000, 0x0000000100000000)
  region size 1024K, 16 young (16384K), 16 survivors (16384K)
 Metaspace       used 50754K, committed 52480K, reserved 393216K
  class space    used 7200K, committed 8064K, reserved 327680K
}
Event: 6.530 GC heap before
{Heap before GC invocations=8 (full 0):
 garbage-first heap   total 262144K, used 136437K [0x00000000e0000000, 0x0000000100000000)
  region size 1024K, 110 young (112640K), 16 survivors (16384K)
 Metaspace       used 58106K, committed 60096K, reserved 393216K
  class space    used 8282K, committed 9280K, reserved 327680K
}
Event: 6.547 GC heap after
{Heap after GC invocations=9 (full 0):
 garbage-first heap   total 262144K, used 49856K [0x00000000e0000000, 0x0000000100000000)
  region size 1024K, 16 young (16384K), 16 survivors (16384K)
 Metaspace       used 58106K, committed 60096K, reserved 393216K
  class space    used 8282K, committed 9280K, reserved 327680K
}
Event: 6.581 GC heap before
{Heap before GC invocations=9 (full 0):
 garbage-first heap   total 262144K, used 52928K [0x00000000e0000000, 0x0000000100000000)
  region size 1024K, 20 young (20480K), 16 survivors (16384K)
 Metaspace       used 58421K, committed 60416K, reserved 393216K
  class space    used 8332K, committed 9344K, reserved 327680K
}
Event: 6.592 GC heap after
{Heap after GC invocations=10 (full 0):
 garbage-first heap   total 262144K, used 50524K [0x00000000e0000000, 0x0000000100000000)
  region size 1024K, 9 young (9216K), 9 survivors (9216K)
 Metaspace       used 58421K, committed 60416K, reserved 393216K
  class space    used 8332K, committed 9344K, reserved 327680K
}

